0 info it worked if it ends with ok
1 verbose cli [ '/home/olivier/.nvm/versions/node/v5.6.0/bin/node',
1 verbose cli   '/home/olivier/.nvm/versions/node/v5.6.0/bin/npm',
1 verbose cli   'run',
1 verbose cli   'watch' ]
2 info using npm@3.7.3
3 info using node@v5.6.0
4 verbose run-script [ 'prewatch', 'watch', 'postwatch' ]
5 info lifecycle claroline@1.0.0~prewatch: claroline@1.0.0
6 silly lifecycle claroline@1.0.0~prewatch: no script for prewatch, continuing
7 info lifecycle claroline@1.0.0~watch: claroline@1.0.0
8 verbose lifecycle claroline@1.0.0~watch: unsafe-perm in lifecycle true
9 verbose lifecycle claroline@1.0.0~watch: PATH: /home/olivier/.nvm/versions/node/v5.6.0/lib/node_modules/npm/bin/node-gyp-bin:/home/cvg/claroline/node_modules/.bin:/home/olivier/.nvm/versions/node/v5.6.0/bin:/home/olivier/.nvm/versions/node/v5.6.0/bin:/usr/local/sbin:/usr/local/bin:/usr/sbin:/usr/bin:/sbin:/bin:/usr/games:/usr/local/games
10 verbose lifecycle claroline@1.0.0~watch: CWD: /home/cvg/claroline
11 silly lifecycle claroline@1.0.0~watch: Args: [ '-c',
11 silly lifecycle   'webpack-dev-server --hot --inline --content-base web --claro-tgt=watch --display-error-details' ]
12 silly lifecycle claroline@1.0.0~watch: Returned: code: 1  signal: null
13 info lifecycle claroline@1.0.0~watch: Failed to exec watch script
14 verbose stack Error: claroline@1.0.0 watch: `webpack-dev-server --hot --inline --content-base web --claro-tgt=watch --display-error-details`
14 verbose stack Exit status 1
14 verbose stack     at EventEmitter.<anonymous> (/home/olivier/.nvm/versions/node/v5.6.0/lib/node_modules/npm/lib/utils/lifecycle.js:239:16)
14 verbose stack     at emitTwo (events.js:100:13)
14 verbose stack     at EventEmitter.emit (events.js:185:7)
14 verbose stack     at ChildProcess.<anonymous> (/home/olivier/.nvm/versions/node/v5.6.0/lib/node_modules/npm/lib/utils/spawn.js:24:14)
14 verbose stack     at emitTwo (events.js:100:13)
14 verbose stack     at ChildProcess.emit (events.js:185:7)
14 verbose stack     at maybeClose (internal/child_process.js:827:16)
14 verbose stack     at Process.ChildProcess._handle.onexit (internal/child_process.js:211:5)
15 verbose pkgid claroline@1.0.0
16 verbose cwd /home/cvg/claroline/vendor/claroline/cvg-bundle
17 error Linux 3.19.0-51-generic
18 error argv "/home/olivier/.nvm/versions/node/v5.6.0/bin/node" "/home/olivier/.nvm/versions/node/v5.6.0/bin/npm" "run" "watch"
19 error node v5.6.0
20 error npm  v3.7.3
21 error code ELIFECYCLE
22 error claroline@1.0.0 watch: `webpack-dev-server --hot --inline --content-base web --claro-tgt=watch --display-error-details`
22 error Exit status 1
23 error Failed at the claroline@1.0.0 watch script 'webpack-dev-server --hot --inline --content-base web --claro-tgt=watch --display-error-details'.
23 error Make sure you have the latest version of node.js and npm installed.
23 error If you do, this is most likely a problem with the claroline package,
23 error not with npm itself.
23 error Tell the author that this fails on your system:
23 error     webpack-dev-server --hot --inline --content-base web --claro-tgt=watch --display-error-details
23 error You can get information on how to open an issue for this project with:
23 error     npm bugs claroline
23 error Or if that isn't available, you can get their info via:
23 error     npm owner ls claroline
23 error There is likely additional logging output above.
24 verbose exit [ 1, true ]
